<?xml version="1.0" encoding="UTF-8"?>
<!-- Generated by org.testng.reporters.JUnitReportReporter -->
<testsuite hostname="LAPTOP-5SF9L84S" failures="0" tests="1" name="testcases.HomeTest" time="0.576" errors="0" timestamp="2023-09-19T20:06:58 IST" skipped="0">
  <testcase classname="testcases.HomeTest" name="verifySubscriptionInHome" time="0.576"/>
  <system-out/>
</testsuite> <!-- testcases.HomeTest -->
