<?xml version="1.0" encoding="UTF-8"?>
<!-- Generated by org.testng.reporters.JUnitReportReporter -->
<testsuite hostname="LAPTOP-5SF9L84S" failures="0" tests="9" name="testcases.UITests" time="0.000" errors="0" timestamp="2023-09-20T21:13:54 IST" skipped="9">
  <testcase classname="testcases.UITests" name="verifyLogo" time="0.000">
    <skipped/>
  </testcase> <!-- verifyLogo -->
  <system-out/>
  <testcase classname="testcases.UITests" name="verifyFullFledgeText" time="0.000">
    <skipped/>
  </testcase> <!-- verifyFullFledgeText -->
  <system-out/>
  <testcase classname="testcases.UITests" name="verifyLeftArrow" time="0.000">
    <skipped/>
  </testcase> <!-- verifyLeftArrow -->
  <system-out/>
  <testcase classname="testcases.UITests" name="verifyRightArrow" time="0.000">
    <skipped/>
  </testcase> <!-- verifyRightArrow -->
  <system-out/>
  <testcase classname="testcases.UITests" name="verifyGirlImages" time="0.000">
    <skipped/>
  </testcase> <!-- verifyGirlImages -->
  <system-out/>
  <testcase classname="testcases.UITests" name="verifySubscription" time="0.000">
    <skipped/>
  </testcase> <!-- verifySubscription -->
  <system-out/>
  <testcase classname="testcases.UITests" name="verifySrollUpArrow" time="0.000">
    <skipped/>
  </testcase> <!-- verifySrollUpArrow -->
  <system-out/>
  <testcase classname="testcases.UITests" name="verifyHeaderElements" time="0.000">
    <skipped/>
  </testcase> <!-- verifyHeaderElements -->
  <system-out/>
  <testcase classname="testcases.UITests" name="verifySubTitles" time="0.000">
    <skipped/>
  </testcase> <!-- verifySubTitles -->
  <system-out/>
</testsuite> <!-- testcases.UITests -->
